<?xml version="1.0" encoding="UTF-8"?>
<TestRun id="4a318bda-dccc-4f7c-bef3-368c8fe8671e" name="Konrad@KONRAD-PC 2013-05-17 23:24:10" runUser="Konrad-PC\Konrad" xmlns="http://microsoft.com/schemas/VisualStudio/TeamTest/2010">
  <TestSettings name="Local" id="3397f4b9-b9cd-4787-b5d2-54f96f326124">
    <Description>These are default test settings for a local test run.</Description>
    <Deployment enabled="false" runDeploymentRoot="Konrad_KONRAD-PC 2013-05-17 23_24_10">
      <DeploymentItem filename="M:\FH HealthGame\SkillSystem\Localizator\bin\Debug\Localizator.dll" />
    </Deployment>
    <Execution>
      <TestTypeSpecific />
      <AgentRule name="Execution Agents">
      </AgentRule>
    </Execution>
  </TestSettings>
  <Times creation="2013-05-17T23:24:10.9851398+02:00" queuing="2013-05-17T23:24:11.6621785+02:00" start="2013-05-17T23:24:11.7461833+02:00" finish="2013-05-17T23:24:14.1323198+02:00" />
  <ResultSummary outcome="Completed">
    <Counters total="1" executed="1" passed="1" error="0" failed="0" timeout="0" aborted="0" inconclusive="0" passedButRunAborted="0" notRunnable="0" notExecuted="0" disconnected="0" warning="0" completed="0" inProgress="0" pending="0" />
  </ResultSummary>
  <TestDefinitions>
    <UnitTest name="EnglishTextTest" storage="m:\fh healthgame\skillsystem\localizatortest\bin\debug\localizatortest.dll" id="4e243b78-d365-6b62-b1b1-4f54814a5b0a">
      <Execution id="fda3483c-de7d-4fee-95ff-c3448202f65f" />
      <TestMethod codeBase="M:/FH HealthGame/SkillSystem/LocalizatorTest/bin/Debug/LocalizatorTest.DLL" adapterTypeName="Microsoft.VisualStudio.TestTools.TestTypes.Unit.UnitTestAdapter, Microsoft.VisualStudio.QualityTools.Tips.UnitTest.Adapter, Version=10.0.0.0, Culture=neutral, PublicKeyToken=b03f5f7f11d50a3a" className="LocalizatorTest.BasicTests, LocalizatorTest, Version=1.0.0.0, Culture=neutral, PublicKeyToken=null" name="EnglishTextTest" />
    </UnitTest>
  </TestDefinitions>
  <TestLists>
    <TestList name="Results Not in a List" id="8c84fa94-04c1-424b-9868-57a2d4851a1d" />
    <TestList name="All Loaded Results" id="19431567-8539-422a-85d7-44ee4e166bda" />
  </TestLists>
  <TestEntries>
    <TestEntry testId="4e243b78-d365-6b62-b1b1-4f54814a5b0a" executionId="fda3483c-de7d-4fee-95ff-c3448202f65f" testListId="8c84fa94-04c1-424b-9868-57a2d4851a1d" />
  </TestEntries>
  <Results>
    <UnitTestResult executionId="fda3483c-de7d-4fee-95ff-c3448202f65f" testId="4e243b78-d365-6b62-b1b1-4f54814a5b0a" testName="EnglishTextTest" computerName="KONRAD-PC" duration="00:00:01.4571887" startTime="2013-05-17T23:24:11.8411887+02:00" endTime="2013-05-17T23:24:14.0953176+02:00" testType="13cdc9d9-ddb5-4fa4-a97d-d965ccfc6d4b" outcome="Passed" testListId="8c84fa94-04c1-424b-9868-57a2d4851a1d" relativeResultsDirectory="fda3483c-de7d-4fee-95ff-c3448202f65f">
    </UnitTestResult>
  </Results>
</TestRun>