<?xml version="1.0" encoding="UTF-8"?>
<TestRun id="130d6195-262e-429a-8246-a757e5bf8341" name="Konrad@KONRAD-PC 2013-05-17 23:29:18" runUser="Konrad-PC\Konrad" xmlns="http://microsoft.com/schemas/VisualStudio/TeamTest/2010">
  <TestSettings name="Local" id="3397f4b9-b9cd-4787-b5d2-54f96f326124">
    <Description>These are default test settings for a local test run.</Description>
    <Deployment enabled="false" runDeploymentRoot="Konrad_KONRAD-PC 2013-05-17 23_29_18">
      <DeploymentItem filename="M:\FH HealthGame\SkillSystem\Localizator\bin\Debug\Localizator.dll" />
    </Deployment>
    <Execution>
      <TestTypeSpecific />
      <AgentRule name="Execution Agents">
      </AgentRule>
    </Execution>
  </TestSettings>
  <Times creation="2013-05-17T23:29:18.6047346+02:00" queuing="2013-05-17T23:29:18.6337362+02:00" start="2013-05-17T23:29:18.6377365+02:00" finish="2013-05-17T23:29:18.7777445+02:00" />
  <ResultSummary outcome="Completed">
    <Counters total="2" executed="2" passed="2" error="0" failed="0" timeout="0" aborted="0" inconclusive="0" passedButRunAborted="0" notRunnable="0" notExecuted="0" disconnected="0" warning="0" completed="0" inProgress="0" pending="0" />
  </ResultSummary>
  <TestDefinitions>
    <UnitTest name="GermanTextTest" storage="m:\fh healthgame\skillsystem\localizatortest\bin\debug\localizatortest.dll" id="bfa08005-dabb-f4d8-e5cc-15fb7e1c5efb">
      <Execution id="330637c7-f336-45ca-b078-4ae96bec589d" />
      <TestMethod codeBase="M:/FH HealthGame/SkillSystem/LocalizatorTest/bin/Debug/LocalizatorTest.DLL" adapterTypeName="Microsoft.VisualStudio.TestTools.TestTypes.Unit.UnitTestAdapter, Microsoft.VisualStudio.QualityTools.Tips.UnitTest.Adapter, Version=10.0.0.0, Culture=neutral, PublicKeyToken=b03f5f7f11d50a3a" className="LocalizatorTest.BasicTests, LocalizatorTest, Version=1.0.0.0, Culture=neutral, PublicKeyToken=null" name="GermanTextTest" />
    </UnitTest>
    <UnitTest name="EnglishTextTest" storage="m:\fh healthgame\skillsystem\localizatortest\bin\debug\localizatortest.dll" id="4e243b78-d365-6b62-b1b1-4f54814a5b0a">
      <Execution id="87a683e6-342e-4789-9e7a-8bc8a71a46ed" />
      <TestMethod codeBase="M:/FH HealthGame/SkillSystem/LocalizatorTest/bin/Debug/LocalizatorTest.DLL" adapterTypeName="Microsoft.VisualStudio.TestTools.TestTypes.Unit.UnitTestAdapter, Microsoft.VisualStudio.QualityTools.Tips.UnitTest.Adapter, Version=10.0.0.0, Culture=neutral, PublicKeyToken=b03f5f7f11d50a3a" className="LocalizatorTest.BasicTests, LocalizatorTest, Version=1.0.0.0, Culture=neutral, PublicKeyToken=null" name="EnglishTextTest" />
    </UnitTest>
  </TestDefinitions>
  <TestLists>
    <TestList name="Results Not in a List" id="8c84fa94-04c1-424b-9868-57a2d4851a1d" />
    <TestList name="All Loaded Results" id="19431567-8539-422a-85d7-44ee4e166bda" />
  </TestLists>
  <TestEntries>
    <TestEntry testId="4e243b78-d365-6b62-b1b1-4f54814a5b0a" executionId="87a683e6-342e-4789-9e7a-8bc8a71a46ed" testListId="8c84fa94-04c1-424b-9868-57a2d4851a1d" />
    <TestEntry testId="bfa08005-dabb-f4d8-e5cc-15fb7e1c5efb" executionId="330637c7-f336-45ca-b078-4ae96bec589d" testListId="8c84fa94-04c1-424b-9868-57a2d4851a1d" />
  </TestEntries>
  <Results>
    <UnitTestResult executionId="87a683e6-342e-4789-9e7a-8bc8a71a46ed" testId="4e243b78-d365-6b62-b1b1-4f54814a5b0a" testName="EnglishTextTest" computerName="KONRAD-PC" duration="00:00:00.0121393" startTime="2013-05-17T23:29:18.6397366+02:00" endTime="2013-05-17T23:29:18.7647437+02:00" testType="13cdc9d9-ddb5-4fa4-a97d-d965ccfc6d4b" outcome="Passed" testListId="8c84fa94-04c1-424b-9868-57a2d4851a1d" relativeResultsDirectory="87a683e6-342e-4789-9e7a-8bc8a71a46ed">
    </UnitTestResult>
    <UnitTestResult executionId="330637c7-f336-45ca-b078-4ae96bec589d" testId="bfa08005-dabb-f4d8-e5cc-15fb7e1c5efb" testName="GermanTextTest" computerName="KONRAD-PC" duration="00:00:00.0013079" startTime="2013-05-17T23:29:18.7667439+02:00" endTime="2013-05-17T23:29:18.7697440+02:00" testType="13cdc9d9-ddb5-4fa4-a97d-d965ccfc6d4b" outcome="Passed" testListId="8c84fa94-04c1-424b-9868-57a2d4851a1d" relativeResultsDirectory="330637c7-f336-45ca-b078-4ae96bec589d">
    </UnitTestResult>
  </Results>
</TestRun>