<?xml version="1.0" encoding="UTF-8"?>
<TestRun id="c0a449fd-597d-4493-a159-60eccfade0bf" name="Konrad@KONRAD-PC 2013-05-17 23:26:22" runUser="Konrad-PC\Konrad" xmlns="http://microsoft.com/schemas/VisualStudio/TeamTest/2010">
  <TestSettings name="Local" id="3397f4b9-b9cd-4787-b5d2-54f96f326124">
    <Description>These are default test settings for a local test run.</Description>
    <Deployment enabled="false" runDeploymentRoot="Konrad_KONRAD-PC 2013-05-17 23_26_22">
      <DeploymentItem filename="M:\FH HealthGame\SkillSystem\Localizator\bin\Debug\Localizator.dll" />
    </Deployment>
    <Execution>
      <TestTypeSpecific />
      <AgentRule name="Execution Agents">
      </AgentRule>
    </Execution>
  </TestSettings>
  <Times creation="2013-05-17T23:26:22.6026678+02:00" queuing="2013-05-17T23:26:23.2287037+02:00" start="2013-05-17T23:26:23.3127085+02:00" finish="2013-05-17T23:26:35.2293901+02:00" />
  <ResultSummary outcome="Error">
    <Counters total="1" executed="1" error="0" failed="0" timeout="0" aborted="1" inconclusive="0" passedButRunAborted="0" notRunnable="0" notExecuted="0" disconnected="0" warning="0" passed="0" completed="0" inProgress="0" pending="0" />
    <RunInfos>
      <RunInfo computerName="KONRAD-PC" outcome="Error" timestamp="2013-05-17T23:26:35.2293901+02:00">
        <Text>Test host process exited unexpectedly.</Text>
      </RunInfo>
    </RunInfos>
  </ResultSummary>
  <TestDefinitions>
    <UnitTest name="DefaultTextTest" storage="m:\fh healthgame\skillsystem\localizatortest\bin\debug\localizatortest.dll" id="6e78fd9e-6bfe-41b4-2545-a072628bb94e">
      <Execution id="c2945366-51c2-455b-a0c5-480cbc21ff12" />
      <TestMethod codeBase="M:/FH HealthGame/SkillSystem/LocalizatorTest/bin/Debug/LocalizatorTest.DLL" adapterTypeName="Microsoft.VisualStudio.TestTools.TestTypes.Unit.UnitTestAdapter, Microsoft.VisualStudio.QualityTools.Tips.UnitTest.Adapter, Version=10.0.0.0, Culture=neutral, PublicKeyToken=b03f5f7f11d50a3a" className="LocalizatorTest.BasicTests, LocalizatorTest, Version=1.0.0.0, Culture=neutral, PublicKeyToken=null" name="DefaultTextTest" />
    </UnitTest>
  </TestDefinitions>
  <TestLists>
    <TestList name="Results Not in a List" id="8c84fa94-04c1-424b-9868-57a2d4851a1d" />
    <TestList name="All Loaded Results" id="19431567-8539-422a-85d7-44ee4e166bda" />
  </TestLists>
  <TestEntries>
    <TestEntry testId="6e78fd9e-6bfe-41b4-2545-a072628bb94e" executionId="c2945366-51c2-455b-a0c5-480cbc21ff12" testListId="8c84fa94-04c1-424b-9868-57a2d4851a1d" />
  </TestEntries>
  <Results>
    <UnitTestResult executionId="c2945366-51c2-455b-a0c5-480cbc21ff12" testId="6e78fd9e-6bfe-41b4-2545-a072628bb94e" testName="DefaultTextTest" computerName="KONRAD-PC" duration="00:00:11.8206761" startTime="2013-05-17T23:26:23.4087140+02:00" endTime="2013-05-17T23:26:35.2293901+02:00" testType="13cdc9d9-ddb5-4fa4-a97d-d965ccfc6d4b" outcome="Aborted" testListId="8c84fa94-04c1-424b-9868-57a2d4851a1d" relativeResultsDirectory="c2945366-51c2-455b-a0c5-480cbc21ff12">
    </UnitTestResult>
  </Results>
</TestRun>