<?xml version="1.0" encoding="UTF-8"?>
<TestRun id="386293a6-d7e8-4965-9df2-455b9689c739" name="Konrad@KONRAD-PC 2013-05-17 23:25:33" runUser="Konrad-PC\Konrad" xmlns="http://microsoft.com/schemas/VisualStudio/TeamTest/2010">
  <TestSettings name="Local" id="3397f4b9-b9cd-4787-b5d2-54f96f326124">
    <Description>These are default test settings for a local test run.</Description>
    <Deployment enabled="false" runDeploymentRoot="Konrad_KONRAD-PC 2013-05-17 23_25_33">
      <DeploymentItem filename="M:\FH HealthGame\SkillSystem\Localizator\bin\Debug\Localizator.dll" />
    </Deployment>
    <Execution>
      <TestTypeSpecific />
      <AgentRule name="Execution Agents">
      </AgentRule>
    </Execution>
  </TestSettings>
  <Times creation="2013-05-17T23:25:33.1018366+02:00" queuing="2013-05-17T23:25:33.7068712+02:00" start="2013-05-17T23:25:33.7898759+02:00" finish="2013-05-17T23:25:37.4380846+02:00" />
  <ResultSummary outcome="Completed">
    <Counters total="2" executed="2" passed="2" error="0" failed="0" timeout="0" aborted="0" inconclusive="0" passedButRunAborted="0" notRunnable="0" notExecuted="0" disconnected="0" warning="0" completed="0" inProgress="0" pending="0" />
  </ResultSummary>
  <TestDefinitions>
    <UnitTest name="GermanTextTest" storage="m:\fh healthgame\skillsystem\localizatortest\bin\debug\localizatortest.dll" id="bfa08005-dabb-f4d8-e5cc-15fb7e1c5efb">
      <Execution id="4cb97d77-61e4-4cf5-833a-17681692e929" />
      <TestMethod codeBase="M:/FH HealthGame/SkillSystem/LocalizatorTest/bin/Debug/LocalizatorTest.DLL" adapterTypeName="Microsoft.VisualStudio.TestTools.TestTypes.Unit.UnitTestAdapter, Microsoft.VisualStudio.QualityTools.Tips.UnitTest.Adapter, Version=10.0.0.0, Culture=neutral, PublicKeyToken=b03f5f7f11d50a3a" className="LocalizatorTest.BasicTests, LocalizatorTest, Version=1.0.0.0, Culture=neutral, PublicKeyToken=null" name="GermanTextTest" />
    </UnitTest>
    <UnitTest name="EnglishTextTest" storage="m:\fh healthgame\skillsystem\localizatortest\bin\debug\localizatortest.dll" id="4e243b78-d365-6b62-b1b1-4f54814a5b0a">
      <Execution id="0850d2bb-1201-4826-8d86-a8024e9b7167" />
      <TestMethod codeBase="M:/FH HealthGame/SkillSystem/LocalizatorTest/bin/Debug/LocalizatorTest.DLL" adapterTypeName="Microsoft.VisualStudio.TestTools.TestTypes.Unit.UnitTestAdapter, Microsoft.VisualStudio.QualityTools.Tips.UnitTest.Adapter, Version=10.0.0.0, Culture=neutral, PublicKeyToken=b03f5f7f11d50a3a" className="LocalizatorTest.BasicTests, LocalizatorTest, Version=1.0.0.0, Culture=neutral, PublicKeyToken=null" name="EnglishTextTest" />
    </UnitTest>
  </TestDefinitions>
  <TestLists>
    <TestList name="Results Not in a List" id="8c84fa94-04c1-424b-9868-57a2d4851a1d" />
    <TestList name="All Loaded Results" id="19431567-8539-422a-85d7-44ee4e166bda" />
  </TestLists>
  <TestEntries>
    <TestEntry testId="4e243b78-d365-6b62-b1b1-4f54814a5b0a" executionId="0850d2bb-1201-4826-8d86-a8024e9b7167" testListId="8c84fa94-04c1-424b-9868-57a2d4851a1d" />
    <TestEntry testId="bfa08005-dabb-f4d8-e5cc-15fb7e1c5efb" executionId="4cb97d77-61e4-4cf5-833a-17681692e929" testListId="8c84fa94-04c1-424b-9868-57a2d4851a1d" />
  </TestEntries>
  <Results>
    <UnitTestResult executionId="0850d2bb-1201-4826-8d86-a8024e9b7167" testId="4e243b78-d365-6b62-b1b1-4f54814a5b0a" testName="EnglishTextTest" computerName="KONRAD-PC" duration="00:00:01.7533652" startTime="2013-05-17T23:25:33.8848813+02:00" endTime="2013-05-17T23:25:36.4010253+02:00" testType="13cdc9d9-ddb5-4fa4-a97d-d965ccfc6d4b" outcome="Passed" testListId="8c84fa94-04c1-424b-9868-57a2d4851a1d" relativeResultsDirectory="0850d2bb-1201-4826-8d86-a8024e9b7167">
    </UnitTestResult>
    <UnitTestResult executionId="4cb97d77-61e4-4cf5-833a-17681692e929" testId="bfa08005-dabb-f4d8-e5cc-15fb7e1c5efb" testName="GermanTextTest" computerName="KONRAD-PC" duration="00:00:00.9548428" startTime="2013-05-17T23:25:36.4060256+02:00" endTime="2013-05-17T23:25:37.3640803+02:00" testType="13cdc9d9-ddb5-4fa4-a97d-d965ccfc6d4b" outcome="Passed" testListId="8c84fa94-04c1-424b-9868-57a2d4851a1d" relativeResultsDirectory="4cb97d77-61e4-4cf5-833a-17681692e929">
    </UnitTestResult>
  </Results>
</TestRun>